<?xml version="1.0" encoding="UTF-8"?>
<testsuite xmlns:xsi="http://www.w3.org/2001/XMLSchema-instance" xsi:noNamespaceSchemaLocation="https://maven.apache.org/surefire/maven-surefire-plugin/xsd/surefire-test-report-3.0.xsd" version="3.0" name="ConcreteFilterStrategyTest" time="0.137" tests="3" errors="0" skipped="0" failures="0">
  <properties>
    <property name="sun.desktop" value="windows"/>
    <property name="awt.toolkit" value="sun.awt.windows.WToolkit"/>
    <property name="java.specification.version" value="11"/>
    <property name="sun.cpu.isalist" value="amd64"/>
    <property name="sun.jnu.encoding" value="Cp1252"/>
    <property name="java.class.path" value="C:\Users\lubelihleradebe\Desktop\CoreJavaProject\target\test-classes;C:\Users\lubelihleradebe\Desktop\CoreJavaProject\target\classes;C:\Users\lubelihleradebe\.m2\repository\org\junit\jupiter\junit-jupiter-api\5.11.3\junit-jupiter-api-5.11.3.jar;C:\Users\lubelihleradebe\.m2\repository\org\opentest4j\opentest4j\1.3.0\opentest4j-1.3.0.jar;C:\Users\lubelihleradebe\.m2\repository\org\junit\platform\junit-platform-commons\1.11.3\junit-platform-commons-1.11.3.jar;C:\Users\lubelihleradebe\.m2\repository\org\apiguardian\apiguardian-api\1.1.2\apiguardian-api-1.1.2.jar;C:\Users\lubelihleradebe\.m2\repository\org\mockito\mockito-core\5.14.2\mockito-core-5.14.2.jar;C:\Users\lubelihleradebe\.m2\repository\net\bytebuddy\byte-buddy\1.15.4\byte-buddy-1.15.4.jar;C:\Users\lubelihleradebe\.m2\repository\net\bytebuddy\byte-buddy-agent\1.15.4\byte-buddy-agent-1.15.4.jar;C:\Users\lubelihleradebe\.m2\repository\org\objenesis\objenesis\3.3\objenesis-3.3.jar;C:\Users\lubelihleradebe\.m2\repository\org\junit\jupiter\junit-jupiter-engine\5.11.3\junit-jupiter-engine-5.11.3.jar;C:\Users\lubelihleradebe\.m2\repository\org\junit\platform\junit-platform-engine\1.11.3\junit-platform-engine-1.11.3.jar;C:\Users\lubelihleradebe\.m2\repository\junit\junit\4.11\junit-4.11.jar;C:\Users\lubelihleradebe\.m2\repository\org\hamcrest\hamcrest-core\1.3\hamcrest-core-1.3.jar;"/>
    <property name="java.vm.vendor" value="OpenLogic"/>
    <property name="sun.arch.data.model" value="64"/>
    <property name="user.variant" value=""/>
    <property name="java.vendor.url" value="https://openlogic.com/"/>
    <property name="user.timezone" value="Africa/Johannesburg"/>
    <property name="java.vm.specification.version" value="11"/>
    <property name="os.name" value="Windows 11"/>
    <property name="sun.java.launcher" value="SUN_STANDARD"/>
    <property name="user.country" value="ZA"/>
    <property name="sun.boot.library.path" value="C:\Program Files\OpenLogic\jdk-11.0.23.9-hotspot\bin"/>
    <property name="sun.java.command" value="C:\Users\lubelihleradebe\AppData\Local\Temp\surefire4224295786490069268\surefirebooter-20241113145506382_3.jar C:\Users\lubelihleradebe\AppData\Local\Temp\surefire4224295786490069268 2024-11-13T14-55-06_106-jvmRun1 surefire-20241113145506382_1tmp surefire_0-20241113145506382_2tmp"/>
    <property name="jdk.debug" value="release"/>
    <property name="surefire.test.class.path" value="C:\Users\lubelihleradebe\Desktop\CoreJavaProject\target\test-classes;C:\Users\lubelihleradebe\Desktop\CoreJavaProject\target\classes;C:\Users\lubelihleradebe\.m2\repository\org\junit\jupiter\junit-jupiter-api\5.11.3\junit-jupiter-api-5.11.3.jar;C:\Users\lubelihleradebe\.m2\repository\org\opentest4j\opentest4j\1.3.0\opentest4j-1.3.0.jar;C:\Users\lubelihleradebe\.m2\repository\org\junit\platform\junit-platform-commons\1.11.3\junit-platform-commons-1.11.3.jar;C:\Users\lubelihleradebe\.m2\repository\org\apiguardian\apiguardian-api\1.1.2\apiguardian-api-1.1.2.jar;C:\Users\lubelihleradebe\.m2\repository\org\mockito\mockito-core\5.14.2\mockito-core-5.14.2.jar;C:\Users\lubelihleradebe\.m2\repository\net\bytebuddy\byte-buddy\1.15.4\byte-buddy-1.15.4.jar;C:\Users\lubelihleradebe\.m2\repository\net\bytebuddy\byte-buddy-agent\1.15.4\byte-buddy-agent-1.15.4.jar;C:\Users\lubelihleradebe\.m2\repository\org\objenesis\objenesis\3.3\objenesis-3.3.jar;C:\Users\lubelihleradebe\.m2\repository\org\junit\jupiter\junit-jupiter-engine\5.11.3\junit-jupiter-engine-5.11.3.jar;C:\Users\lubelihleradebe\.m2\repository\org\junit\platform\junit-platform-engine\1.11.3\junit-platform-engine-1.11.3.jar;C:\Users\lubelihleradebe\.m2\repository\junit\junit\4.11\junit-4.11.jar;C:\Users\lubelihleradebe\.m2\repository\org\hamcrest\hamcrest-core\1.3\hamcrest-core-1.3.jar;"/>
    <property name="sun.cpu.endian" value="little"/>
    <property name="user.home" value="C:\Users\lubelihleradebe"/>
    <property name="user.language" value="en"/>
    <property name="java.specification.vendor" value="Oracle Corporation"/>
    <property name="java.version.date" value="2024-04-16"/>
    <property name="java.home" value="C:\Program Files\OpenLogic\jdk-11.0.23.9-hotspot"/>
    <property name="file.separator" value="\"/>
    <property name="basedir" value="C:\Users\lubelihleradebe\Desktop\CoreJavaProject"/>
    <property name="java.vm.compressedOopsMode" value="Zero based"/>
    <property name="line.separator" value="&#10;"/>
    <property name="java.specification.name" value="Java Platform API Specification"/>
    <property name="java.vm.specification.vendor" value="Oracle Corporation"/>
    <property name="java.awt.graphicsenv" value="sun.awt.Win32GraphicsEnvironment"/>
    <property name="surefire.real.class.path" value="C:\Users\lubelihleradebe\AppData\Local\Temp\surefire4224295786490069268\surefirebooter-20241113145506382_3.jar"/>
    <property name="user.script" value=""/>
    <property name="sun.management.compiler" value="HotSpot 64-Bit Tiered Compilers"/>
    <property name="java.runtime.version" value="11.0.23+9-adhoc..jdk11u"/>
    <property name="user.name" value="lubelihleradebe"/>
    <property name="path.separator" value=";"/>
    <property name="os.version" value="10.0"/>
    <property name="java.runtime.name" value="OpenJDK Runtime Environment"/>
    <property name="file.encoding" value="Cp1252"/>
    <property name="java.vm.name" value="OpenJDK 64-Bit Server VM"/>
    <property name="java.vendor.version" value="OpenLogic-OpenJDK"/>
    <property name="localRepository" value="C:\Users\lubelihleradebe\.m2\repository"/>
    <property name="java.vendor.url.bug" value="https://techsupport.roguewave.com/"/>
    <property name="java.io.tmpdir" value="C:\Users\LUBELI~1\AppData\Local\Temp\"/>
    <property name="java.version" value="11.0.23"/>
    <property name="user.dir" value="C:\Users\lubelihleradebe\Desktop\CoreJavaProject"/>
    <property name="os.arch" value="amd64"/>
    <property name="java.vm.specification.name" value="Java Virtual Machine Specification"/>
    <property name="java.awt.printerjob" value="sun.awt.windows.WPrinterJob"/>
    <property name="sun.os.patch.level" value=""/>
    <property name="java.library.path" value="C:\Program Files\OpenLogic\jdk-11.0.23.9-hotspot\bin;C:\windows\Sun\Java\bin;C:\windows\system32;C:\windows;C:\Program Files\Python312\Scripts\;C:\Program Files\Python312\;C:\Program Files\OpenLogic\jdk-11.0.23.9-hotspot\bin;C:\windows\system32;C:\windows;C:\windows\System32\Wbem;C:\windows\System32\WindowsPowerShell\v1.0\;C:\windows\System32\OpenSSH\;C:\Program Files\WindowsPowerShell\Scripts;C:\Program Files\Microsoft VS Code\bin;C:\Program Files\Microsoft SQL Server\Client SDK\ODBC\170\Tools\Binn\;C:\Program Files (x86)\Microsoft SQL Server\150\Tools\Binn\;C:\Program Files\Microsoft SQL Server\150\Tools\Binn\;C:\Program Files\Microsoft SQL Server\150\DTS\Binn\;C:\Program Files (x86)\Microsoft SQL Server\160\DTS\Binn\;C:\Program Files\dotnet\;C:\Program Files (x86)\Windows Kits\10\Windows Performance Toolkit\;C:\Program Files\Git\cmd;C:\Program Files\nodejs\;C:\apache-maven-3.9.8\bin;C:\apache-jmeter-5.6.3\bin;C:\Users\lubelihleradebe\scoop\shims;C:\Ruby32-x64\bin;C:\Users\lubelihleradebe\AppData\Local\Microsoft\WindowsApps;C:\Users\lubelihleradebe\AppData\Roaming\npm;C:\Users\lubelihleradebe\.dotnet\tools;C:\Program Files\JetBrains\PyCharm Community Edition 2024.1.3\bin;;C:\Users\lubelihleradebe\AppData\Local\Microsoft\WinGet\Links;;."/>
    <property name="java.vm.info" value="mixed mode"/>
    <property name="java.vendor" value="OpenLogic"/>
    <property name="java.vm.version" value="11.0.23+9-adhoc..jdk11u"/>
    <property name="java.specification.maintenance.version" value="2"/>
    <property name="sun.io.unicode.encoding" value="UnicodeLittle"/>
    <property name="java.class.version" value="55.0"/>
  </properties>
  <testcase name="testFilter_withInvalidCriteriaKey" classname="ConcreteFilterStrategyTest" time="0.072">
    <system-out><![CDATA[its here 1
Checking product: Nike
Checking for color=SomeValue
Match for color: false
No products found matching the criteria.
[]
]]></system-out>
  </testcase>
  <testcase name="testFilter_withValidCriteria" classname="ConcreteFilterStrategyTest" time="0.043">
    <system-out><![CDATA[the imds size is: 2
{color=red, size=m}
its here 2
Checking product: Nike
Checking for color=red
Match for color: true
Checking for size=m
Match for size: true
Checking product: Adidas
Checking for color=red
Match for color: false
And the products are: [Item {id='1', color='Red', size='M', brand='Nike', price=0.0, type=Shoes}]
]]></system-out>
  </testcase>
  <testcase name="testFilter_withNoMatchingCriteria" classname="ConcreteFilterStrategyTest" time="0.0">
    <system-out><![CDATA[its here 1
Checking product: Red
Checking for color=Blue
Match for color: false
No products found matching the criteria.
]]></system-out>
  </testcase>
</testsuite>